
> vibe-generated-app@1.0.0 dev
> vite


  VITE v5.4.20  ready in 210 ms

  ➜  Local:   http://localhost:3000/
  ➜  Network: http://172.20.4.238:3000/
3:00:58 AM [vite] Pre-transform error: Transform failed with 1 error:
/home/workspace/src/components/Dashboard.jsx:4:50: ERROR: Unexpected "]"
3:00:58 AM [vite] Internal server error: Transform failed with 1 error:
/home/workspace/src/components/Dashboard.jsx:4:50: ERROR: Unexpected "]"
  Plugin: vite:esbuild
  File: /home/workspace/src/components/Dashboard.jsx:4:50
  
  Unexpected "]"
  2  |  
  3  |  export default function Dashboard() {
  4  |    const [insights, setInsights] = useState<string[]>([] as unknown as string[])
     |                                                    ^
  5  |  
  6  |    const sampleInsights = [
  
      at failureErrorWithLog (/home/workspace/node_modules/esbuild/lib/main.js:1472:15)
      at /home/workspace/node_modules/esbuild/lib/main.js:755:50
      at responseCallbacks.<computed> (/home/workspace/node_modules/esbuild/lib/main.js:622:9)
      at handleIncomingPacket (/home/workspace/node_modules/esbuild/lib/main.js:677:12)
      at Socket.readFromStdout (/home/workspace/node_modules/esbuild/lib/main.js:600:7)
      at Socket.emit (node:events:508:28)
      at addChunk (node:internal/streams/readable:559:12)
      at readableAddChunkPushByteMode (node:internal/streams/readable:510:3)
      at Readable.push (node:internal/streams/readable:390:5)
      at Pipe.onStreamRead (node:internal/stream_base_commons:189:23)
3:01:02 AM [vite] Internal server error: Transform failed with 1 error:
/home/workspace/src/components/Dashboard.jsx:4:50: ERROR: Unexpected "]"
  Plugin: vite:esbuild
  File: /home/workspace/src/components/Dashboard.jsx:4:50
  
  Unexpected "]"
  2  |  
  3  |  export default function Dashboard() {
  4  |    const [insights, setInsights] = useState<string[]>([] as unknown as string[])
     |                                                    ^
  5  |  
  6  |    const sampleInsights = [
  
      at failureErrorWithLog (/home/workspace/node_modules/esbuild/lib/main.js:1472:15)
      at /home/workspace/node_modules/esbuild/lib/main.js:755:50
      at responseCallbacks.<computed> (/home/workspace/node_modules/esbuild/lib/main.js:622:9)
      at handleIncomingPacket (/home/workspace/node_modules/esbuild/lib/main.js:677:12)
      at Socket.readFromStdout (/home/workspace/node_modules/esbuild/lib/main.js:600:7)
      at Socket.emit (node:events:508:28)
      at addChunk (node:internal/streams/readable:559:12)
      at readableAddChunkPushByteMode (node:internal/streams/readable:510:3)
      at Readable.push (node:internal/streams/readable:390:5)
      at Pipe.onStreamRead (node:internal/stream_base_commons:189:23)
